[debug] [2021-03-28T09:56:05.529Z] ----------------------------------------------------------------------
[debug] [2021-03-28T09:56:05.530Z] Command:       /usr/local/bin/node /usr/local/bin/firebase deploy
[debug] [2021-03-28T09:56:05.530Z] CLI Version:   9.6.1
[debug] [2021-03-28T09:56:05.530Z] Platform:      darwin
[debug] [2021-03-28T09:56:05.531Z] Node Version:  v14.16.0
[debug] [2021-03-28T09:56:05.532Z] Time:          Sun Mar 28 2021 16:56:05 GMT+0700 (Western Indonesia Time)
[debug] [2021-03-28T09:56:05.532Z] ----------------------------------------------------------------------
[debug] [2021-03-28T09:56:05.532Z] 
[debug] [2021-03-28T09:56:05.537Z] > command requires scopes: ["email","openid","https://www.googleapis.com/auth/cloudplatformprojects.readonly","https://www.googleapis.com/auth/firebase","https://www.googleapis.com/auth/cloud-platform"]
[debug] [2021-03-28T09:56:05.538Z] > authorizing via signed-in user
[debug] [2021-03-28T09:56:05.538Z] [iam] checking project oilthentic-test for permissions ["firebase.projects.get","firebasehosting.sites.update"]
[debug] [2021-03-28T09:56:05.539Z] > refreshing access token with scopes: ["email","https://www.googleapis.com/auth/cloud-platform","https://www.googleapis.com/auth/cloudplatformprojects.readonly","https://www.googleapis.com/auth/firebase","openid"]
[debug] [2021-03-28T09:56:05.539Z] >>> HTTP REQUEST POST https://www.googleapis.com/oauth2/v3/token  
 <request body omitted>
[debug] [2021-03-28T09:56:05.564Z] [iam] error while checking permissions, command may fail: FirebaseError: Authentication Error: Your credentials are no longer valid. Please run firebase login --reauth

For CI servers and headless environments, generate a new token with firebase login:ci
[debug] [2021-03-28T09:56:05.565Z] > refreshing access token with scopes: []
[debug] [2021-03-28T09:56:05.566Z] >>> HTTP REQUEST POST https://www.googleapis.com/oauth2/v3/token  
 <request body omitted>
[debug] [2021-03-28T09:56:05.569Z] Authentication Error: Your credentials are no longer valid. Please run firebase login --reauth

For CI servers and headless environments, generate a new token with firebase login:ci
[debug] [2021-03-28T09:56:05.573Z] FirebaseError: Authentication Error: Your credentials are no longer valid. Please run firebase login --reauth

For CI servers and headless environments, generate a new token with firebase login:ci
    at invalidCredentialError (/usr/local/lib/node_modules/firebase-tools/lib/auth.js:26:12)
    at refreshTokens (/usr/local/lib/node_modules/firebase-tools/lib/auth.js:297:15)
    at processTicksAndRejections (internal/process/task_queues.js:93:5)
    at async Client.getAccessToken (/usr/local/lib/node_modules/firebase-tools/lib/apiv2.js:144:23)
    at async Client.addAuthHeader (/usr/local/lib/node_modules/firebase-tools/lib/apiv2.js:135:21)
    at async Client.request (/usr/local/lib/node_modules/firebase-tools/lib/apiv2.js:93:34)
    at async Object.getFirebaseProject (/usr/local/lib/node_modules/firebase-tools/lib/management/projects.js:289:21)
    at async Object.getDefaultHostingSite (/usr/local/lib/node_modules/firebase-tools/lib/getDefaultHostingSite.js:8:21)
    at async requireHostingSite (/usr/local/lib/node_modules/firebase-tools/lib/requireHostingSite.js:9:18)
    at async Object.fn (/usr/local/lib/node_modules/firebase-tools/lib/commands/deploy.js:66:9)
    at async /usr/local/lib/node_modules/firebase-tools/lib/command.js:161:17
[error] 
[error] Error: Failed to get Firebase project oilthentic-test. Please make sure the project exists and your account has permission to access it.
